<?xml version="1.0" encoding="UTF-8"?>
<!-- Generated by org.testng.reporters.JUnitReportReporter -->
<testsuite ignored="0" hostname="karishmas-MacBook-Air.local" failures="0" tests="1" name="or.testing.TestScripts.TC2_GetRequest" time="0.040" errors="0" timestamp="23 Nov 2021 14:39:38 GMT" skipped="0">
  <testcase classname="or.testing.TestScripts.TC2_GetRequest" name="Testcase2" time="0.040"/>
</testsuite> <!-- or.testing.TestScripts.TC2_GetRequest -->
