<?xml version="1.0" encoding="UTF-8"?>
<!-- Generated by org.testng.reporters.JUnitReportReporter -->
<testsuite ignored="0" hostname="karishmas-MacBook-Air.local" failures="0" tests="1" name="or.testing.TestScripts.TC5_Put" time="0.081" errors="0" timestamp="23 Nov 2021 14:39:38 GMT" skipped="0">
  <testcase classname="or.testing.TestScripts.TC5_Put" name="Tsetcase5" time="0.081"/>
</testsuite> <!-- or.testing.TestScripts.TC5_Put -->
